2026-04-29 11:33:00,438 INFO Register attempt: john
2026-04-29 11:33:00,438 WARNING (trapped) error reading bcrypt version
Traceback (most recent call last):
  File "C:\Users\SDC15\Documents\taskio\backend\venv\Lib\site-packages\passlib\handlers\bcrypt.py", line 620, in _load_backend_mixin
    version = _bcrypt.__about__.__version__
              ^^^^^^^^^^^^^^^^^
AttributeError: module 'bcrypt' has no attribute '__about__'
2026-04-29 11:33:14,846 INFO Register attempt: john
2026-04-29 11:33:14,846 WARNING (trapped) error reading bcrypt version
Traceback (most recent call last):
  File "C:\Users\SDC15\Documents\taskio\backend\venv\Lib\site-packages\passlib\handlers\bcrypt.py", line 620, in _load_backend_mixin
    version = _bcrypt.__about__.__version__
              ^^^^^^^^^^^^^^^^^
AttributeError: module 'bcrypt' has no attribute '__about__'
2026-04-29 11:33:17,086 INFO Register attempt: john
2026-04-29 11:33:17,086 WARNING (trapped) error reading bcrypt version
Traceback (most recent call last):
  File "C:\Users\SDC15\Documents\taskio\backend\venv\Lib\site-packages\passlib\handlers\bcrypt.py", line 620, in _load_backend_mixin
    version = _bcrypt.__about__.__version__
              ^^^^^^^^^^^^^^^^^
AttributeError: module 'bcrypt' has no attribute '__about__'
2026-04-29 11:33:56,297 INFO Login attempt: john
2026-04-29 11:33:56,297 WARNING Failed login: john
2026-04-29 11:40:51,844 INFO Register attempt: john
2026-04-29 11:40:52,067 INFO Registered: john
2026-04-29 11:42:07,028 INFO Login attempt: john
2026-04-29 11:42:07,245 INFO Login success: john
2026-04-29 11:58:53,543 INFO Register attempt: john
2026-04-29 11:58:53,842 INFO Registered: john
2026-04-29 11:59:14,693 INFO Login attempt: john
2026-04-29 11:59:15,000 INFO Login success: john
2026-04-29 11:59:15,026 INFO Protected accessed by: john
2026-04-29 11:59:15,031 INFO Protected accessed by: john
2026-04-29 12:14:12,750 INFO Register attempt: Buhlebemvelo
2026-04-29 12:14:12,970 INFO Registered: Buhlebemvelo
2026-04-29 12:14:17,247 INFO Login attempt: Buhlebemvelo
2026-04-29 12:14:17,457 INFO Login success: Buhlebemvelo
2026-04-29 12:14:17,477 INFO Protected accessed by: Buhlebemvelo
2026-04-29 12:14:17,477 INFO Protected accessed by: Buhlebemvelo
2026-04-29 12:15:09,155 INFO Protected accessed by: Buhlebemvelo
2026-04-29 12:15:09,162 INFO Protected accessed by: Buhlebemvelo
2026-04-29 12:15:10,591 INFO Protected accessed by: Buhlebemvelo
2026-04-29 12:15:10,594 INFO Protected accessed by: Buhlebemvelo
2026-04-29 12:27:01,357 INFO Login attempt: Buhlebemvelo
2026-04-29 12:27:01,357 WARNING Failed login: Buhlebemvelo
2026-04-29 12:27:13,837 INFO Login attempt: Buhlebemvelo
2026-04-29 12:27:13,837 WARNING Failed login: Buhlebemvelo
2026-04-29 12:27:15,559 INFO Login attempt: Buhlebemvelo
2026-04-29 12:27:15,559 WARNING Failed login: Buhlebemvelo
2026-04-29 12:27:16,233 INFO Login attempt: Buhlebemvelo
2026-04-29 12:27:16,233 WARNING Failed login: Buhlebemvelo
2026-04-29 12:27:25,667 INFO Register attempt: Buhlebemvelo
2026-04-29 12:27:25,897 INFO Registered: Buhlebemvelo
2026-04-29 12:27:27,145 INFO Login attempt: Buhlebemvelo
2026-04-29 12:27:27,367 INFO Login success: Buhlebemvelo
2026-04-29 12:27:27,387 INFO Protected accessed by: Buhlebemvelo
2026-04-29 12:27:27,394 INFO Protected accessed by: Buhlebemvelo
2026-04-29 12:32:09,667 INFO Protected accessed by: Buhlebemvelo
2026-04-29 12:32:32,297 INFO Login attempt: Buhlebemvelo
2026-04-29 12:32:32,505 INFO Login success: Buhlebemvelo
2026-04-29 12:32:32,527 INFO Protected accessed by: Buhlebemvelo
2026-04-29 12:32:32,531 INFO Protected accessed by: Buhlebemvelo
2026-04-29 12:34:52,215 INFO Protected accessed by: Buhlebemvelo
2026-04-29 12:34:52,215 INFO Protected accessed by: Buhlebemvelo
2026-04-29 14:29:20,074 INFO Register attempt: Buhlebemvelo
2026-04-29 14:29:20,306 INFO Registered: Buhlebemvelo
2026-04-29 14:29:21,637 INFO Login attempt: Buhlebemvelo
2026-04-29 14:29:21,846 INFO Login success: Buhlebemvelo
2026-04-29 14:29:21,868 INFO Protected accessed by: Buhlebemvelo
2026-04-29 14:29:21,874 INFO Protected accessed by: Buhlebemvelo
